This is pdfTeX, Version 3.14159265-2.6-1.40.17 (TeX Live 2016/Debian) (preloaded format=pdflatex 2017.7.27)  9 FEB 2018 08:14
entering extended mode
 restricted \write18 enabled.
 %&-line parsing enabled.
**00.book.tex
(./00.book.tex
LaTeX2e <2017/01/01> patch level 3
Babel <3.9r> and hyphenation patterns for 5 language(s) loaded.
(/usr/share/texlive/texmf-dist/tex/latex/base/book.cls
Document Class: book 2014/09/29 v1.4h Standard LaTeX document class
(/usr/share/texlive/texmf-dist/tex/latex/base/bk12.clo
File: bk12.clo 2014/09/29 v1.4h Standard LaTeX file (size option)
)
\c@part=\count79
\c@chapter=\count80
\c@section=\count81
\c@subsection=\count82
\c@subsubsection=\count83
\c@paragraph=\count84
\c@subparagraph=\count85
\c@figure=\count86
\c@table=\count87
\abovecaptionskip=\skip41
\belowcaptionskip=\skip42
\bibindent=\dimen102
)
(/usr/share/texlive/texmf-dist/tex/latex/geometry/geometry.sty
Package: geometry 2010/09/12 v5.6 Page Geometry

(/usr/share/texlive/texmf-dist/tex/latex/graphics/keyval.sty
Package: keyval 2014/10/28 v1.15 key=value parser (DPC)
\KV@toks@=\toks14
)
(/usr/share/texlive/texmf-dist/tex/generic/oberdiek/ifpdf.sty
Package: ifpdf 2016/05/14 v3.1 Provides the ifpdf switch
)
(/usr/share/texlive/texmf-dist/tex/generic/oberdiek/ifvtex.sty
Package: ifvtex 2016/05/16 v1.6 Detect VTeX and its facilities (HO)
Package ifvtex Info: VTeX not detected.
)
(/usr/share/texlive/texmf-dist/tex/generic/ifxetex/ifxetex.sty
Package: ifxetex 2010/09/12 v0.6 Provides ifxetex conditional
)
\Gm@cnth=\count88
\Gm@cntv=\count89
\c@Gm@tempcnt=\count90
\Gm@bindingoffset=\dimen103
\Gm@wd@mp=\dimen104
\Gm@odd@mp=\dimen105
\Gm@even@mp=\dimen106
\Gm@layoutwidth=\dimen107
\Gm@layoutheight=\dimen108
\Gm@layouthoffset=\dimen109
\Gm@layoutvoffset=\dimen110
\Gm@dimlist=\toks15
)
(/usr/share/texlive/texmf-dist/tex/latex/base/makeidx.sty
Package: makeidx 2014/09/29 v1.0m Standard LaTeX package
)
(/usr/share/texlive/texmf-dist/tex/latex/graphics/graphicx.sty
Package: graphicx 2014/10/28 v1.0g Enhanced LaTeX Graphics (DPC,SPQR)

(/usr/share/texlive/texmf-dist/tex/latex/graphics/graphics.sty
Package: graphics 2016/10/09 v1.0u Standard LaTeX Graphics (DPC,SPQR)

(/usr/share/texlive/texmf-dist/tex/latex/graphics/trig.sty
Package: trig 2016/01/03 v1.10 sin cos tan (DPC)
)
(/usr/share/texlive/texmf-dist/tex/latex/graphics-cfg/graphics.cfg
File: graphics.cfg 2016/06/04 v1.11 sample graphics configuration
)
Package graphics Info: Driver file: pdftex.def on input line 99.

(/usr/share/texlive/texmf-dist/tex/latex/graphics-def/pdftex.def
File: pdftex.def 2017/01/12 v0.06k Graphics/color for pdfTeX

(/usr/share/texlive/texmf-dist/tex/generic/oberdiek/infwarerr.sty
Package: infwarerr 2016/05/16 v1.4 Providing info/warning/error messages (HO)
)
(/usr/share/texlive/texmf-dist/tex/generic/oberdiek/ltxcmds.sty
Package: ltxcmds 2016/05/16 v1.23 LaTeX kernel commands for general use (HO)
)
\Gread@gobject=\count91
))
\Gin@req@height=\dimen111
\Gin@req@width=\dimen112
)
(/usr/share/texlive/texmf-dist/tex/latex/footmisc/footmisc.sty
Package: footmisc 2011/06/06 v5.5b a miscellany of footnote facilities
\FN@temptoken=\toks16
\footnotemargin=\dimen113
\c@pp@next@reset=\count92
Package footmisc Info: Declaring symbol style bringhurst on input line 855.
Package footmisc Info: Declaring symbol style chicago on input line 863.
Package footmisc Info: Declaring symbol style wiley on input line 872.
Package footmisc Info: Declaring symbol style lamport-robust on input line 883.

Package footmisc Info: Declaring symbol style lamport* on input line 903.
Package footmisc Info: Declaring symbol style lamport*-robust on input line 924
.
)
(/usr/share/texlive/texmf-dist/tex/generic/babel/babel.sty
Package: babel 2016/04/23 3.9r The Babel package

(/usr/share/texlive/texmf-dist/tex/generic/babel-english/english.ldf
Language: english 2012/08/20 v3.3p English support from the babel system

(/usr/share/texlive/texmf-dist/tex/generic/babel/babel.def
File: babel.def 2016/04/23 3.9r Babel common definitions
\babel@savecnt=\count93
\U@D=\dimen114
)
\l@canadian = a dialect from \language\l@american 
\l@australian = a dialect from \language\l@british 
\l@newzealand = a dialect from \language\l@british 
))
(/usr/share/texlive/texmf-dist/tex/latex/float/float.sty
Package: float 2001/11/08 v1.3d Float enhancements (AL)
\c@float@type=\count94
\float@exts=\toks17
\float@box=\box26
\@float@everytoks=\toks18
\@floatcapt=\box27
)
(/usr/share/texlive/texmf-dist/tex/latex/hyperref/hyperref.sty
Package: hyperref 2016/06/24 v6.83q Hypertext links for LaTeX

(/usr/share/texlive/texmf-dist/tex/generic/oberdiek/hobsub-hyperref.sty
Package: hobsub-hyperref 2016/05/16 v1.14 Bundle oberdiek, subset hyperref (HO)


(/usr/share/texlive/texmf-dist/tex/generic/oberdiek/hobsub-generic.sty
Package: hobsub-generic 2016/05/16 v1.14 Bundle oberdiek, subset generic (HO)
Package: hobsub 2016/05/16 v1.14 Construct package bundles (HO)
Package hobsub Info: Skipping package `infwarerr' (already loaded).
Package hobsub Info: Skipping package `ltxcmds' (already loaded).
Package: ifluatex 2016/05/16 v1.4 Provides the ifluatex switch (HO)
Package ifluatex Info: LuaTeX not detected.
Package hobsub Info: Skipping package `ifvtex' (already loaded).
Package: intcalc 2016/05/16 v1.2 Expandable calculations with integers (HO)
Package hobsub Info: Skipping package `ifpdf' (already loaded).
Package: etexcmds 2016/05/16 v1.6 Avoid name clashes with e-TeX commands (HO)
Package etexcmds Info: Could not find \expanded.
(etexcmds)             That can mean that you are not using pdfTeX 1.50 or
(etexcmds)             that some package has redefined \expanded.
(etexcmds)             In the latter case, load this package earlier.
Package: kvsetkeys 2016/05/16 v1.17 Key value parser (HO)
Package: kvdefinekeys 2016/05/16 v1.4 Define keys (HO)
Package: pdftexcmds 2016/05/21 v0.22 Utility functions of pdfTeX for LuaTeX (HO
)
Package pdftexcmds Info: LuaTeX not detected.
Package pdftexcmds Info: \pdf@primitive is available.
Package pdftexcmds Info: \pdf@ifprimitive is available.
Package pdftexcmds Info: \pdfdraftmode found.
Package: pdfescape 2016/05/16 v1.14 Implements pdfTeX's escape features (HO)
Package: bigintcalc 2016/05/16 v1.4 Expandable calculations on big integers (HO
)
Package: bitset 2016/05/16 v1.2 Handle bit-vector datatype (HO)
Package: uniquecounter 2016/05/16 v1.3 Provide unlimited unique counter (HO)
)
Package hobsub Info: Skipping package `hobsub' (already loaded).
Package: letltxmacro 2016/05/16 v1.5 Let assignment for LaTeX macros (HO)
Package: hopatch 2016/05/16 v1.3 Wrapper for package hooks (HO)
Package: xcolor-patch 2016/05/16 xcolor patch
Package: atveryend 2016/05/16 v1.9 Hooks at the very end of document (HO)
Package atveryend Info: \enddocument detected (standard20110627).
Package: atbegshi 2016/06/09 v1.18 At begin shipout hook (HO)
Package: refcount 2016/05/16 v3.5 Data extraction from label references (HO)
Package: hycolor 2016/05/16 v1.8 Color options for hyperref/bookmark (HO)
)
(/usr/share/texlive/texmf-dist/tex/latex/oberdiek/auxhook.sty
Package: auxhook 2016/05/16 v1.4 Hooks for auxiliary files (HO)
)
(/usr/share/texlive/texmf-dist/tex/latex/oberdiek/kvoptions.sty
Package: kvoptions 2016/05/16 v3.12 Key value format for package options (HO)
)
\@linkdim=\dimen115
\Hy@linkcounter=\count95
\Hy@pagecounter=\count96

(/usr/share/texlive/texmf-dist/tex/latex/hyperref/pd1enc.def
File: pd1enc.def 2016/06/24 v6.83q Hyperref: PDFDocEncoding definition (HO)
)
\Hy@SavedSpaceFactor=\count97

(/usr/share/texlive/texmf-dist/tex/latex/latexconfig/hyperref.cfg
File: hyperref.cfg 2002/06/06 v1.2 hyperref configuration of TeXLive
)
Package hyperref Info: Hyper figures OFF on input line 4486.
Package hyperref Info: Link nesting OFF on input line 4491.
Package hyperref Info: Hyper index ON on input line 4494.
Package hyperref Info: Plain pages OFF on input line 4501.
Package hyperref Info: Backreferencing OFF on input line 4506.
Package hyperref Info: Implicit mode ON; LaTeX internals redefined.
Package hyperref Info: Bookmarks ON on input line 4735.
\c@Hy@tempcnt=\count98

(/usr/share/texlive/texmf-dist/tex/latex/url/url.sty
\Urlmuskip=\muskip10
Package: url 2013/09/16  ver 3.4  Verb mode for urls, etc.
)
LaTeX Info: Redefining \url on input line 5088.
\XeTeXLinkMargin=\dimen116
\Fld@menulength=\count99
\Field@Width=\dimen117
\Fld@charsize=\dimen118
Package hyperref Info: Hyper figures OFF on input line 6342.
Package hyperref Info: Link nesting OFF on input line 6347.
Package hyperref Info: Hyper index ON on input line 6350.
Package hyperref Info: backreferencing OFF on input line 6357.
Package hyperref Info: Link coloring OFF on input line 6362.
Package hyperref Info: Link coloring with OCG OFF on input line 6367.
Package hyperref Info: PDF/A mode OFF on input line 6372.
LaTeX Info: Redefining \ref on input line 6412.
LaTeX Info: Redefining \pageref on input line 6416.
\Hy@abspage=\count100
\c@Item=\count101
\c@Hfootnote=\count102
)

Package hyperref Message: Driver: hpdftex.

(/usr/share/texlive/texmf-dist/tex/latex/hyperref/hpdftex.def
File: hpdftex.def 2016/06/24 v6.83q Hyperref driver for pdfTeX
\Fld@listcount=\count103
\c@bookmark@seq@number=\count104

(/usr/share/texlive/texmf-dist/tex/latex/oberdiek/rerunfilecheck.sty
Package: rerunfilecheck 2016/05/16 v1.8 Rerun checks for auxiliary files (HO)
Package uniquecounter Info: New unique counter `rerunfilecheck' on input line 2
82.
)
\Hy@SectionHShift=\skip43
)
Package hyperref Info: Option `colorlinks' set `true' on input line 34.

(/usr/share/texlive/texmf-dist/tex/latex/graphics/color.sty
Package: color 2016/07/10 v1.1e Standard LaTeX Color (DPC)

(/usr/share/texlive/texmf-dist/tex/latex/graphics-cfg/color.cfg
File: color.cfg 2016/01/02 v1.6 sample color configuration
)
Package color Info: Driver file: pdftex.def on input line 147.
)
(/usr/share/texlive/texmf-dist/tex/latex/listings/listings.sty
\lst@mode=\count105
\lst@gtempboxa=\box28
\lst@token=\toks19
\lst@length=\count106
\lst@currlwidth=\dimen119
\lst@column=\count107
\lst@pos=\count108
\lst@lostspace=\dimen120
\lst@width=\dimen121
\lst@newlines=\count109
\lst@lineno=\count110
\lst@maxwidth=\dimen122

(/usr/share/texlive/texmf-dist/tex/latex/listings/lstmisc.sty
File: lstmisc.sty 2015/06/04 1.6 (Carsten Heinz)
\c@lstnumber=\count111
\lst@skipnumbers=\count112
\lst@framebox=\box29
)
(/usr/share/texlive/texmf-dist/tex/latex/listings/listings.cfg
File: listings.cfg 2015/06/04 1.6 listings configuration
))
Package: listings 2015/06/04 1.6 (Carsten Heinz)
\@indexfile=\write3
\openout3 = `00.book.idx'.


Writing index file 00.book.idx
(./00.book.aux)
\openout1 = `00.book.aux'.

LaTeX Font Info:    Checking defaults for OML/cmm/m/it on input line 82.
LaTeX Font Info:    ... okay on input line 82.
LaTeX Font Info:    Checking defaults for T1/cmr/m/n on input line 82.
LaTeX Font Info:    ... okay on input line 82.
LaTeX Font Info:    Checking defaults for OT1/cmr/m/n on input line 82.
LaTeX Font Info:    ... okay on input line 82.
LaTeX Font Info:    Checking defaults for OMS/cmsy/m/n on input line 82.
LaTeX Font Info:    ... okay on input line 82.
LaTeX Font Info:    Checking defaults for OMX/cmex/m/n on input line 82.
LaTeX Font Info:    ... okay on input line 82.
LaTeX Font Info:    Checking defaults for U/cmr/m/n on input line 82.
LaTeX Font Info:    ... okay on input line 82.
LaTeX Font Info:    Checking defaults for PD1/pdf/m/n on input line 82.
LaTeX Font Info:    ... okay on input line 82.

*geometry* detected driver: pdftex
*geometry* verbose mode - [ preamble ] result:
* driver: pdftex
* paper: custom
* layout: <same size as paper>
* layoutoffset:(h,v)=(0.0pt,0.0pt)
* modes: twoside 
* h-part:(L,W,R)=(73.71613pt, 430.00462pt, 110.57425pt)
* v-part:(T,H,B)=(112.74234pt, 657.65411pt, 169.11354pt)
* \paperwidth=614.295pt
* \paperheight=939.51pt
* \textwidth=430.00462pt
* \textheight=657.65411pt
* \oddsidemargin=1.44614pt
* \evensidemargin=38.30426pt
* \topmargin=8.59856pt
* \headheight=12.0pt
* \headsep=19.8738pt
* \topskip=12.0pt
* \footskip=30.0pt
* \marginparwidth=98.0pt
* \marginparsep=7.0pt
* \columnsep=10.0pt
* \skip\footins=10.8pt plus 4.0pt minus 2.0pt
* \hoffset=0.0pt
* \voffset=0.0pt
* \mag=1000
* \@twocolumnfalse
* \@twosidetrue
* \@mparswitchtrue
* \@reversemarginfalse
* (1in=72.27pt=25.4mm, 1cm=28.453pt)

(/usr/share/texlive/texmf-dist/tex/context/base/mkii/supp-pdf.mkii
[Loading MPS to PDF converter (version 2006.09.02).]
\scratchcounter=\count113
\scratchdimen=\dimen123
\scratchbox=\box30
\nofMPsegments=\count114
\nofMParguments=\count115
\everyMPshowfont=\toks20
\MPscratchCnt=\count116
\MPscratchDim=\dimen124
\MPnumerator=\count117
\makeMPintoPDFobject=\count118
\everyMPtoPDFconversion=\toks21
) (/usr/share/texlive/texmf-dist/tex/latex/oberdiek/epstopdf-base.sty
Package: epstopdf-base 2016/05/15 v2.6 Base part for package epstopdf

(/usr/share/texlive/texmf-dist/tex/latex/oberdiek/grfext.sty
Package: grfext 2016/05/16 v1.2 Manage graphics extensions (HO)
)
Package epstopdf-base Info: Redefining graphics rule for `.eps' on input line 4
38.
Package grfext Info: Graphics extension search list:
(grfext)             [.png,.pdf,.jpg,.mps,.jpeg,.jbig2,.jb2,.PNG,.PDF,.JPG,.JPE
G,.JBIG2,.JB2,.eps]
(grfext)             \AppendGraphicsExtensions on input line 456.

(/usr/share/texlive/texmf-dist/tex/latex/latexconfig/epstopdf-sys.cfg
File: epstopdf-sys.cfg 2010/07/13 v1.3 Configuration of (r)epstopdf for TeX Liv
e
))
\AtBeginShipoutBox=\box31
Package hyperref Info: Link coloring ON on input line 82.

(/usr/share/texlive/texmf-dist/tex/latex/hyperref/nameref.sty
Package: nameref 2016/05/21 v2.44 Cross-referencing by name of section

(/usr/share/texlive/texmf-dist/tex/generic/oberdiek/gettitlestring.sty
Package: gettitlestring 2016/05/16 v1.5 Cleanup title references (HO)
)
\c@section@level=\count119
)
LaTeX Info: Redefining \ref on input line 82.
LaTeX Info: Redefining \pageref on input line 82.
LaTeX Info: Redefining \nameref on input line 82.

(./00.book.out) (./00.book.out)
\@outlinefile=\write4
\openout4 = `00.book.out'.

\c@lstlisting=\count120
 (./01.title.tex [1


{/var/lib/texmf/fonts/map/pdftex/updmap/pdftex.map}]) [2

] (./00.book.toc
LaTeX Font Info:    External font `cmex10' loaded for size
(Font)              <12> on input line 3.
LaTeX Font Info:    External font `cmex10' loaded for size
(Font)              <8> on input line 3.
LaTeX Font Info:    External font `cmex10' loaded for size
(Font)              <6> on input line 3.
)
\tf@toc=\write5
\openout5 = `00.book.toc'.

 [3] [4

] (./02.dasar-dasar.tex
Bab 1.
pdfTeX warning (ext4): destination with the same identifier (name{page.1}) has 
been already used, duplicate ignored
<to be read again> 
                   \relax 
l.22 \end{enumerate}
                     [1


]
Overfull \hbox (3.24507pt too wide) in paragraph at lines 24--25
[]\OT1/cmr/m/n/12 Maka pil-i-han un-tuk prak-tek Web Pro-gram-ming 1 kita akan 
meng-gu-nakan XAMPP
 []


Overfull \hbox (36.16676pt too wide) in paragraph at lines 42--43
[]\OT1/cmr/m/n/12 Tentunya men-gun-duh \OT1/cmr/m/it/12 in-staller \OT1/cmr/m/n
/12 ap-likasi ini dari ala-mat [][]$\OT1/cmtt/m/n/12 https : / / www . apachefr
iends .
 []


<resources/01-03-04-001-halaman-000webhost-com.png, id=102, 1333.98375pt x 746.
79pt>
File: resources/01-03-04-001-halaman-000webhost-com.png Graphic file (type png)

 <use resources/01-03-04-001-halaman-000webhost-com.png>
Package pdftex.def Info: resources/01-03-04-001-halaman-000webhost-com.png used
 on input line 63.
(pdftex.def)             Requested size: 430.00462pt x 240.72112pt.
pdfTeX warning (ext4): destination with the same identifier (name{page.2}) has 
been already used, duplicate ignored
<to be read again> 
                   \relax 
l.66 	\end{figure}
                   [2]
<resources/01-03-04-002-registrasi.png, id=117, 1333.98375pt x 746.79pt>
File: resources/01-03-04-002-registrasi.png Graphic file (type png)

<use resources/01-03-04-002-registrasi.png>
Package pdftex.def Info: resources/01-03-04-002-registrasi.png used on input li
ne 72.
(pdftex.def)             Requested size: 430.00462pt x 240.72112pt.

Underfull \vbox (badness 10000) has occurred while \output is active []

pdfTeX warning (ext4): destination with the same identifier (name{page.3}) has 
been already used, duplicate ignored
<to be read again> 
                   \relax 
l.76 
      [3 <./resources/01-03-04-001-halaman-000webhost-com.png>]
<resources/01-03-04-003-welcome.png, id=128, 1333.98375pt x 746.79pt>
File: resources/01-03-04-003-welcome.png Graphic file (type png)

<use resources/01-03-04-003-welcome.png>
Package pdftex.def Info: resources/01-03-04-003-welcome.png used on input line 
81.
(pdftex.def)             Requested size: 430.00462pt x 240.72112pt.

<resources/01-03-04-004-verifikasi-email.png, id=130, 1333.98375pt x 746.79pt>
File: resources/01-03-04-004-verifikasi-email.png Graphic file (type png)

<use resources/01-03-04-004-verifikasi-email.png>
Package pdftex.def Info: resources/01-03-04-004-verifikasi-email.png used on in
put line 90.
(pdftex.def)             Requested size: 430.00462pt x 240.72112pt.
pdfTeX warning (ext4): destination with the same identifier (name{page.4}) has 
been already used, duplicate ignored
<to be read again> 
                   \relax 
l.94 
      [4 <./resources/01-03-04-002-registrasi.png> <./resources/01-03-04-003-we
lcome.png>]
<resources/01-03-04-005-post-verifikasi-email.png, id=141, 1333.98375pt x 746.7
9pt>
File: resources/01-03-04-005-post-verifikasi-email.png Graphic file (type png)
 <use resources/01-03-04-005-post-verifikasi-email.png>
Package pdftex.def Info: resources/01-03-04-005-post-verifikasi-email.png used 
on input line 99.
(pdftex.def)             Requested size: 430.00462pt x 240.72112pt.
 [5 <./resources/01-03-04-004-verifikasi-email.png> <./resources/01-03-04-005-p
ost-verifikasi-email.png>]
<resources/01-03-05-001-buat-website.png, id=153, 1333.98375pt x 746.79pt>
File: resources/01-03-05-001-buat-website.png Graphic file (type png)

<use resources/01-03-05-001-buat-website.png>
Package pdftex.def Info: resources/01-03-05-001-buat-website.png used on input 
line 118.
(pdftex.def)             Requested size: 430.00462pt x 240.72112pt.

(/usr/share/texlive/texmf-dist/tex/latex/listings/lstlang1.sty
File: lstlang1.sty 2015/06/04 1.6 listings language file
)
(/usr/share/texlive/texmf-dist/tex/latex/listings/lstmisc.sty
File: lstmisc.sty 2015/06/04 1.6 (Carsten Heinz)
)
Overfull \hbox (8.13974pt too wide) in paragraph at lines 128--129
[]\OT1/cmr/m/n/12 Kemudian kita \OT1/cmr/m/it/12 scroll \OT1/cmr/m/n/12 ke bawa
h ha-la-man [][]$\OT1/cmtt/m/n/12 id . 000webhost . com$[][]\OT1/cmr/m/n/12 , m
aka akan muncul
 []

<resources/01-03-05-003-pre-upload.png, id=156, 1333.98375pt x 746.79pt>
File: resources/01-03-05-003-pre-upload.png Graphic file (type png)

<use resources/01-03-05-003-pre-upload.png>
Package pdftex.def Info: resources/01-03-05-003-pre-upload.png used on input li
ne 132.
(pdftex.def)             Requested size: 430.00462pt x 240.72112pt.

Underfull \vbox (badness 10000) has occurred while \output is active []

 [6 <./resources/01-03-05-001-buat-website.png>]
<resources/01-03-05-004-upload.png, id=172, 1333.98375pt x 746.79pt>
File: resources/01-03-05-004-upload.png Graphic file (type png)

<use resources/01-03-05-004-upload.png>
Package pdftex.def Info: resources/01-03-05-004-upload.png used on input line 1
41.
(pdftex.def)             Requested size: 430.00462pt x 240.72112pt.
 [7 <./resources/01-03-05-003-pre-upload.png> <./resources/01-03-05-004-upload.
png>]
<resources/01-03-05-005-select-files.png, id=183, 1333.98375pt x 746.79pt>
File: resources/01-03-05-005-select-files.png Graphic file (type png)

<use resources/01-03-05-005-select-files.png>
Package pdftex.def Info: resources/01-03-05-005-select-files.png used on input 
line 150.
(pdftex.def)             Requested size: 430.00462pt x 240.72112pt.

<resources/01-03-05-006-choose-files.png, id=185, 771.88374pt x 642.4pt>
File: resources/01-03-05-006-choose-files.png Graphic file (type png)

<use resources/01-03-05-006-choose-files.png>
Package pdftex.def Info: resources/01-03-05-006-choose-files.png used on input 
line 159.
(pdftex.def)             Requested size: 430.00462pt x 357.86932pt.

Underfull \vbox (badness 10000) has occurred while \output is active []

 [8 <./resources/01-03-05-005-select-files.png>]
<resources/01-03-05-007-choosen-files.png, id=195, 1333.98375pt x 746.79pt>
File: resources/01-03-05-007-choosen-files.png Graphic file (type png)

<use resources/01-03-05-007-choosen-files.png>
Package pdftex.def Info: resources/01-03-05-007-choosen-files.png used on input
 line 168.
(pdftex.def)             Requested size: 430.00462pt x 240.72112pt.

Underfull \vbox (badness 10000) has occurred while \output is active []

 [9 <./resources/01-03-05-006-choose-files.png>]
<resources/01-03-05-008-post-upload.png, id=205, 1333.98375pt x 746.79pt>
File: resources/01-03-05-008-post-upload.png Graphic file (type png)

<use resources/01-03-05-008-post-upload.png>
Package pdftex.def Info: resources/01-03-05-008-post-upload.png used on input l
ine 177.
(pdftex.def)             Requested size: 430.00462pt x 240.72112pt.
 [10 <./resources/01-03-05-007-choosen-files.png> <./resources/01-03-05-008-pos
t-upload.png>]
<resources/01-03-05-009-finish.png, id=218, 1333.98375pt x 746.79pt>
File: resources/01-03-05-009-finish.png Graphic file (type png)

<use resources/01-03-05-009-finish.png>
Package pdftex.def Info: resources/01-03-05-009-finish.png used on input line 1
86.
(pdftex.def)             Requested size: 430.00462pt x 240.72112pt.

<resources/01-03-06-001-halaman-awal-github.png, id=222, 1333.98375pt x 746.79p
t>
File: resources/01-03-06-001-halaman-awal-github.png Graphic file (type png)
 <use resources/01-03-06-001-halaman-awal-github.png>
Package pdftex.def Info: resources/01-03-06-001-halaman-awal-github.png used on
 input line 203.
(pdftex.def)             Requested size: 430.00462pt x 240.72112pt.

Underfull \vbox (badness 10000) has occurred while \output is active []

 [11 <./resources/01-03-05-009-finish.png>]
<resources/01-03-06-002-membuat-repo.png, id=231, 1333.98375pt x 746.79pt>
File: resources/01-03-06-002-membuat-repo.png Graphic file (type png)

<use resources/01-03-06-002-membuat-repo.png>
Package pdftex.def Info: resources/01-03-06-002-membuat-repo.png used on input 
line 212.
(pdftex.def)             Requested size: 430.00462pt x 240.72112pt.

(/usr/share/texlive/texmf-dist/tex/latex/listings/lstlang1.sty
File: lstlang1.sty 2015/06/04 1.6 listings language file
)
(/usr/share/texlive/texmf-dist/tex/latex/listings/lstlang1.sty
File: lstlang1.sty 2015/06/04 1.6 listings language file
) [12 <./resources/01-03-06-001-halaman-awal-github.png> <./resources/01-03-06-
002-membuat-repo.png>]
LaTeX Font Info:    Try loading font information for OML+cmr on input line 220.

 (/usr/share/texlive/texmf-dist/tex/latex/base/omlcmr.fd
File: omlcmr.fd 2014/09/29 v2.5h Standard LaTeX font definitions
)
LaTeX Font Info:    Font shape `OML/cmr/m/n' in size <10> not available
(Font)              Font shape `OML/cmm/m/it' tried instead on input line 220.
) [13] [14

]
No file 00.book.ind.
Package atveryend Info: Empty hook `BeforeClearDocument' on input line 122.
Package atveryend Info: Empty hook `AfterLastShipout' on input line 122.
(./00.book.aux)
Package atveryend Info: Executing hook `AtVeryEndDocument' on input line 122.
Package atveryend Info: Executing hook `AtEndAfterFileList' on input line 122.
Package rerunfilecheck Info: File `00.book.out' has not changed.
(rerunfilecheck)             Checksum: D51C3FA743D14D5383F39EA981F22D13;786.
Package atveryend Info: Empty hook `AtVeryVeryEnd' on input line 122.
 ) 
Here is how much of TeX's memory you used:
 7874 strings out of 494902
 116868 string characters out of 6179891
 230766 words of memory out of 5000000
 10994 multiletter control sequences out of 15000+600000
 9368 words of font info for 33 fonts, out of 8000000 for 9000
 36 hyphenation exceptions out of 8191
 31i,6n,51p,486b,1363s stack positions out of 5000i,500n,10000p,200000b,80000s
</usr/share/texlive/texmf-dist/fonts/type1/public/amsfonts/cm/cmbx12.pfb></us
r/share/texlive/texmf-dist/fonts/type1/public/amsfonts/cm/cmmi10.pfb></usr/shar
e/texlive/texmf-dist/fonts/type1/public/amsfonts/cm/cmr10.pfb></usr/share/texli
ve/texmf-dist/fonts/type1/public/amsfonts/cm/cmr12.pfb></usr/share/texlive/texm
f-dist/fonts/type1/public/amsfonts/cm/cmr6.pfb></usr/share/texlive/texmf-dist/f
onts/type1/public/amsfonts/cm/cmsl12.pfb></usr/share/texlive/texmf-dist/fonts/t
ype1/public/amsfonts/cm/cmti12.pfb></usr/share/texlive/texmf-dist/fonts/type1/p
ublic/amsfonts/cm/cmtt12.pfb>
Output written on 00.book.pdf (18 pages, 2257146 bytes).
PDF statistics:
 302 PDF objects out of 1000 (max. 8388607)
 241 compressed objects within 3 object streams
 76 named destinations out of 1000 (max. 500000)
 172 words of extra memory for PDF output out of 10000 (max. 10000000)

